<?xml version="1.0" encoding="UTF-8"?>
<testng-results skipped="0" failed="0" total="1" passed="1">
  <reporter-output>
  </reporter-output>
  <suite name="Suite" duration-ms="26885" started-at="2019-10-10T13:23:36Z" finished-at="2019-10-10T13:24:02Z">
    <groups>
    </groups>
    <test name="Test" duration-ms="26885" started-at="2019-10-10T13:23:36Z" finished-at="2019-10-10T13:24:02Z">
      <class name="testcases.PHOENIXLoginTest">
        <test-method status="PASS" signature="setupReport()[pri:0, instance:testcases.PHOENIXLoginTest@8bd1b6a]" name="setupReport" is-config="true" duration-ms="297" started-at="2019-10-10T21:23:35Z" finished-at="2019-10-10T21:23:36Z">
          <reporter-output>
          </reporter-output>
        </test-method> <!-- setupReport -->
        <test-method status="PASS" signature="setupBrowsers()[pri:0, instance:testcases.PHOENIXLoginTest@8bd1b6a]" name="setupBrowsers" is-config="true" duration-ms="9952" started-at="2019-10-10T21:23:36Z" finished-at="2019-10-10T21:23:46Z">
          <reporter-output>
          </reporter-output>
        </test-method> <!-- setupBrowsers -->
        <test-method status="PASS" signature="loginToDOMS()[pri:1, instance:testcases.PHOENIXLoginTest@8bd1b6a]" name="loginToDOMS" duration-ms="13971" started-at="2019-10-10T21:23:46Z" finished-at="2019-10-10T21:24:00Z">
          <reporter-output>
          </reporter-output>
        </test-method> <!-- loginToDOMS -->
        <test-method status="PASS" signature="appendReport(org.testng.ITestResult)[pri:0, instance:testcases.PHOENIXLoginTest@8bd1b6a]" name="appendReport" is-config="true" duration-ms="1388" started-at="2019-10-10T21:24:00Z" finished-at="2019-10-10T21:24:01Z">
          <params>
            <param index="0">
              <value>
                <![CDATA[[TestResult name=loginToDOMS status=SUCCESS method=PHOENIXLoginTest.loginToDOMS()[pri:1, instance:testcases.PHOENIXLoginTest@8bd1b6a] output={null}]]]>
              </value>
            </param>
          </params>
          <reporter-output>
          </reporter-output>
        </test-method> <!-- appendReport -->
        <test-method status="PASS" signature="closeSessions()[pri:0, instance:testcases.PHOENIXLoginTest@8bd1b6a]" name="closeSessions" is-config="true" duration-ms="1558" started-at="2019-10-10T21:24:01Z" finished-at="2019-10-10T21:24:02Z">
          <reporter-output>
          </reporter-output>
        </test-method> <!-- closeSessions -->
      </class> <!-- testcases.PHOENIXLoginTest -->
    </test> <!-- Test -->
  </suite> <!-- Suite -->
</testng-results>
