<?xml version="1.0" encoding="UTF-8"?>
<testng-results skipped="0" failed="0" total="1" passed="1">
  <reporter-output>
  </reporter-output>
  <suite name="Suite" duration-ms="40" started-at="2019-10-09T03:02:40Z" finished-at="2019-10-09T03:02:40Z">
    <groups>
    </groups>
    <test name="Test" duration-ms="40" started-at="2019-10-09T03:02:40Z" finished-at="2019-10-09T03:02:40Z">
      <class name="testcases.SmokeTestingDummy">
        <test-method status="PASS" signature="test1()[pri:0, instance:testcases.SmokeTestingDummy@4e04a765]" name="test1" duration-ms="13" started-at="2019-10-09T11:02:40Z" finished-at="2019-10-09T11:02:40Z">
          <reporter-output>
          </reporter-output>
        </test-method> <!-- test1 -->
      </class> <!-- testcases.SmokeTestingDummy -->
    </test> <!-- Test -->
  </suite> <!-- Suite -->
</testng-results>
