<?xml version="1.0" encoding="UTF-8"?>
<!-- Generated by org.testng.reporters.JUnitXMLReporter -->
<testsuite hostname="KUL-3D3PXZ1" name="Test" tests="2" failures="0" timestamp="7 Nov 2019 07:40:13 GMT" time="0.072" errors="0">
  <testcase name="@BeforeClass setupBrowsers" time="0.0" classname="testcases.PHOENIXLoginTest">
    <failure type="org.testng.TestNGException" message="
Parameter &amp;apos;URL&amp;apos; is required by @Configuration on method setupBrowsers but has not been marked @Optional or defined
in C:\Users\kul_subbarao\git\subbaFrameworkOct\SubbaAutomationFramework\XMLFiles\PHOENIXLoginTest.xml">
      <![CDATA[org.testng.TestNGException: 
Parameter 'URL' is required by @Configuration on method setupBrowsers but has not been marked @Optional or defined
in C:\Users\kul_subbarao\git\subbaFrameworkOct\SubbaAutomationFramework\XMLFiles\PHOENIXLoginTest.xml
... Removed 21 stack frames]]>
    </failure>
  </testcase> <!-- @BeforeClass setupBrowsers -->
  <testcase name="@AfterClass closeSessions" time="0.0" classname="testcases.PHOENIXLoginTest">
    <skipped/>
  </testcase> <!-- @AfterClass closeSessions -->
  <testcase name="setupBrowsers" time="0.0" classname="testcases.PHOENIXLoginTest">
    <skipped/>
  </testcase> <!-- setupBrowsers -->
  <testcase name="loginToPhoenix" time="0.0" classname="testcases.PHOENIXLoginTest">
    <skipped/>
  </testcase> <!-- loginToPhoenix -->
</testsuite> <!-- Test -->
